 
New instance of bashtop version: 0.9.25 Pid: 17311
/usr/bin/bashtop: line 3405: pid_acpitz:_graph: invalid variable name
 
New instance of bashtop version: 0.9.25 Pid: 83146
 
New instance of bashtop version: 0.9.25 Pid: 93160
 
New instance of bashtop version: 0.9.25 Pid: 110372
 
New instance of bashtop version: 0.9.25 Pid: 1174694
 
New instance of bashtop version: 0.9.25 Pid: 3335709
 
New instance of bashtop version: 0.9.25 Pid: 3362937
 
New instance of bashtop version: 0.9.25 Pid: 1334804
 
New instance of bashtop version: 0.9.25 Pid: 20491
 
New instance of bashtop version: 0.9.25 Pid: 2650270
 
New instance of bashtop version: 0.9.25 Pid: 2651601
 
New instance of bashtop version: 0.9.25 Pid: 2653632
 
New instance of bashtop version: 0.9.25 Pid: 44383
 
New instance of bashtop version: 0.9.25 Pid: 45770
 
New instance of bashtop version: 0.9.25 Pid: 718453
 
New instance of bashtop version: 0.9.25 Pid: 719179
 
New instance of bashtop version: 0.9.25 Pid: 721464
 
New instance of bashtop version: 0.9.25 Pid: 51252
 
New instance of bashtop version: 0.9.25 Pid: 716315
 
New instance of bashtop version: 0.9.25 Pid: 33786
PSUTIL ERROR! Command: get_detailed_mem_time(2405)
process PID not found (pid=2405)
03:13:48 PM ERROR: On line 2686 
 
New instance of bashtop version: 0.9.25 Pid: 2931
 
New instance of bashtop version: 0.9.25 Pid: 8514
 
New instance of bashtop version: 0.9.25 Pid: 5738
 
New instance of bashtop version: 0.9.25 Pid: 6690
 
New instance of bashtop version: 0.9.25 Pid: 770514
 
New instance of bashtop version: 0.9.25 Pid: 933936
 
New instance of bashtop version: 0.9.25 Pid: 1687832
 
New instance of bashtop version: 0.9.25 Pid: 1699249
